2019-10-30 09:45:04,677 base.py[line:627] [USER:ADDR] INFO Removed job wuyue123a21
2019-10-30 09:45:04,789 base.py[line:440] [USER:ADDR] INFO Adding job tentatively -- it will be properly scheduled when the scheduler starts
2019-10-30 09:45:05,901 base.py[line:440] [USER:ADDR] INFO Adding job tentatively -- it will be properly scheduled when the scheduler starts
2019-10-30 09:45:07,006 base.py[line:440] [USER:ADDR] INFO Adding job tentatively -- it will be properly scheduled when the scheduler starts
2019-10-30 09:45:08,135 base.py[line:440] [USER:ADDR] INFO Adding job tentatively -- it will be properly scheduled when the scheduler starts
2019-10-30 09:45:09,273 base.py[line:440] [USER:ADDR] INFO Adding job tentatively -- it will be properly scheduled when the scheduler starts
2019-10-30 09:45:10,483 base.py[line:440] [USER:ADDR] INFO Adding job tentatively -- it will be properly scheduled when the scheduler starts
2019-10-30 09:45:11,750 base.py[line:440] [USER:ADDR] INFO Adding job tentatively -- it will be properly scheduled when the scheduler starts
2019-10-30 09:45:13,265 base.py[line:440] [USER:ADDR] INFO Adding job tentatively -- it will be properly scheduled when the scheduler starts
2019-10-30 09:45:14,450 base.py[line:440] [USER:ADDR] INFO Adding job tentatively -- it will be properly scheduled when the scheduler starts
2019-10-30 09:45:15,740 base.py[line:440] [USER:ADDR] INFO Adding job tentatively -- it will be properly scheduled when the scheduler starts
2019-10-30 09:45:17,003 base.py[line:440] [USER:ADDR] INFO Adding job tentatively -- it will be properly scheduled when the scheduler starts
2019-10-30 09:45:18,210 base.py[line:440] [USER:ADDR] INFO Adding job tentatively -- it will be properly scheduled when the scheduler starts
2019-10-30 09:45:19,513 base.py[line:440] [USER:ADDR] INFO Adding job tentatively -- it will be properly scheduled when the scheduler starts
2019-10-30 09:45:20,793 base.py[line:440] [USER:ADDR] INFO Adding job tentatively -- it will be properly scheduled when the scheduler starts
2019-10-30 09:45:21,992 base.py[line:440] [USER:ADDR] INFO Adding job tentatively -- it will be properly scheduled when the scheduler starts
2019-10-30 09:45:23,107 base.py[line:440] [USER:ADDR] INFO Adding job tentatively -- it will be properly scheduled when the scheduler starts
2019-10-30 09:45:24,322 base.py[line:440] [USER:ADDR] INFO Adding job tentatively -- it will be properly scheduled when the scheduler starts
2019-10-30 09:45:25,447 base.py[line:440] [USER:ADDR] INFO Adding job tentatively -- it will be properly scheduled when the scheduler starts
2019-10-30 09:45:26,601 base.py[line:440] [USER:ADDR] INFO Adding job tentatively -- it will be properly scheduled when the scheduler starts
2019-10-30 09:45:26,601 base.py[line:881] [USER:ADDR] INFO Added job "banquet.a" to job store "default"
2019-10-30 09:45:26,602 base.py[line:881] [USER:ADDR] INFO Added job "banquet.a" to job store "default"
2019-10-30 09:45:26,602 base.py[line:881] [USER:ADDR] INFO Added job "banquet.a" to job store "default"
2019-10-30 09:45:26,602 base.py[line:881] [USER:ADDR] INFO Added job "banquet.a" to job store "default"
2019-10-30 09:45:26,604 base.py[line:881] [USER:ADDR] INFO Added job "banquet.a" to job store "default"
2019-10-30 09:45:26,604 base.py[line:881] [USER:ADDR] INFO Added job "banquet.a" to job store "default"
2019-10-30 09:45:26,604 base.py[line:881] [USER:ADDR] INFO Added job "banquet.a" to job store "default"
2019-10-30 09:45:26,605 base.py[line:881] [USER:ADDR] INFO Added job "banquet.a" to job store "default"
2019-10-30 09:45:26,605 base.py[line:881] [USER:ADDR] INFO Added job "banquet.a" to job store "default"
2019-10-30 09:45:26,605 base.py[line:881] [USER:ADDR] INFO Added job "banquet.a" to job store "default"
2019-10-30 09:45:26,605 base.py[line:881] [USER:ADDR] INFO Added job "banquet.a" to job store "default"
2019-10-30 09:45:26,605 base.py[line:881] [USER:ADDR] INFO Added job "banquet.a" to job store "default"
2019-10-30 09:45:26,607 base.py[line:881] [USER:ADDR] INFO Added job "banquet.a" to job store "default"
2019-10-30 09:45:26,607 base.py[line:881] [USER:ADDR] INFO Added job "banquet.a" to job store "default"
2019-10-30 09:45:26,608 base.py[line:881] [USER:ADDR] INFO Added job "banquet.a" to job store "default"
2019-10-30 09:45:26,608 base.py[line:881] [USER:ADDR] INFO Added job "banquet.a" to job store "default"
2019-10-30 09:45:26,608 base.py[line:881] [USER:ADDR] INFO Added job "banquet.a" to job store "default"
2019-10-30 09:45:26,608 base.py[line:881] [USER:ADDR] INFO Added job "banquet.a" to job store "default"
2019-10-30 09:45:26,608 base.py[line:881] [USER:ADDR] INFO Added job "banquet.a" to job store "default"
2019-10-30 09:45:26,608 base.py[line:881] [USER:ADDR] INFO Added job "banquet.a" to job store "default"
2019-10-30 09:45:26,608 base.py[line:881] [USER:ADDR] INFO Added job "banquet.a" to job store "default"
2019-10-30 09:45:26,609 base.py[line:881] [USER:ADDR] INFO Added job "banquet.a" to job store "default"
2019-10-30 09:45:26,609 base.py[line:166] [USER:ADDR] INFO Scheduler started
2019-10-30 09:45:28,608 base.py[line:627] [USER:ADDR] INFO Removed job ww131987xx22
2019-10-30 09:45:28,680 base.py[line:627] [USER:ADDR] INFO Removed job ww131985xx22
2019-10-30 09:45:28,763 base.py[line:627] [USER:ADDR] INFO Removed job ww131986xx22
2019-10-30 09:45:28,851 base.py[line:627] [USER:ADDR] INFO Removed job zyh13028563689145
2019-10-30 09:45:29,209 base.py[line:627] [USER:ADDR] INFO Removed job ww131984xx22
2019-10-30 09:45:29,246 base.py[line:627] [USER:ADDR] INFO Removed job qqqwwweee12138146
2019-10-30 09:45:30,884 base.py[line:627] [USER:ADDR] INFO Removed job 110ma149
2019-10-30 09:45:30,944 base.py[line:627] [USER:ADDR] INFO Removed job wjj12138146
2019-10-30 09:45:31,049 base.py[line:627] [USER:ADDR] INFO Removed job nova45326
2019-10-30 09:45:33,746 base.py[line:627] [USER:ADDR] INFO Removed job dapeng001148
2019-10-30 09:45:33,789 base.py[line:627] [USER:ADDR] INFO Removed job pock520149
2019-10-30 09:45:33,960 base.py[line:627] [USER:ADDR] INFO Removed job zhaofei326
2019-10-30 09:45:33,970 base.py[line:627] [USER:ADDR] INFO Removed job xingyue123a148
2019-10-30 09:45:34,176 base.py[line:627] [USER:ADDR] INFO Removed job my780618my145
2019-10-30 09:45:34,322 base.py[line:627] [USER:ADDR] INFO Removed job xinxin056012149
2019-10-30 09:45:34,430 base.py[line:627] [USER:ADDR] INFO Removed job liyue123a21
2019-10-30 09:45:34,736 base.py[line:627] [USER:ADDR] INFO Removed job zhd6676123145
2019-10-30 09:45:34,789 base.py[line:627] [USER:ADDR] INFO Removed job weiyue123a21
2019-10-30 09:45:34,790 base.py[line:627] [USER:ADDR] INFO Removed job wengshengyin122
2019-10-30 09:45:35,395 base.py[line:627] [USER:ADDR] INFO Removed job zhaoyue123a21
2019-10-30 09:45:35,401 base.py[line:627] [USER:ADDR] INFO Removed job 13198322
2019-10-30 09:45:35,783 base.py[line:627] [USER:ADDR] INFO Removed job qianyue123a21
2019-10-30 09:46:03,694 base.py[line:440] [USER:ADDR] INFO Adding job tentatively -- it will be properly scheduled when the scheduler starts
2019-10-30 09:46:04,799 base.py[line:440] [USER:ADDR] INFO Adding job tentatively -- it will be properly scheduled when the scheduler starts
2019-10-30 09:46:05,882 base.py[line:440] [USER:ADDR] INFO Adding job tentatively -- it will be properly scheduled when the scheduler starts
2019-10-30 09:46:06,982 base.py[line:440] [USER:ADDR] INFO Adding job tentatively -- it will be properly scheduled when the scheduler starts
2019-10-30 09:46:08,076 base.py[line:440] [USER:ADDR] INFO Adding job tentatively -- it will be properly scheduled when the scheduler starts
2019-10-30 09:46:09,173 base.py[line:440] [USER:ADDR] INFO Adding job tentatively -- it will be properly scheduled when the scheduler starts
2019-10-30 09:46:10,298 base.py[line:440] [USER:ADDR] INFO Adding job tentatively -- it will be properly scheduled when the scheduler starts
2019-10-30 09:46:11,400 base.py[line:440] [USER:ADDR] INFO Adding job tentatively -- it will be properly scheduled when the scheduler starts
2019-10-30 09:46:12,509 base.py[line:440] [USER:ADDR] INFO Adding job tentatively -- it will be properly scheduled when the scheduler starts
2019-10-30 09:46:13,641 base.py[line:440] [USER:ADDR] INFO Adding job tentatively -- it will be properly scheduled when the scheduler starts
2019-10-30 09:46:14,766 base.py[line:440] [USER:ADDR] INFO Adding job tentatively -- it will be properly scheduled when the scheduler starts
2019-10-30 09:46:15,881 base.py[line:440] [USER:ADDR] INFO Adding job tentatively -- it will be properly scheduled when the scheduler starts
2019-10-30 09:46:16,997 base.py[line:440] [USER:ADDR] INFO Adding job tentatively -- it will be properly scheduled when the scheduler starts
2019-10-30 09:46:18,108 base.py[line:440] [USER:ADDR] INFO Adding job tentatively -- it will be properly scheduled when the scheduler starts
2019-10-30 09:46:19,220 base.py[line:440] [USER:ADDR] INFO Adding job tentatively -- it will be properly scheduled when the scheduler starts
2019-10-30 09:46:20,345 base.py[line:440] [USER:ADDR] INFO Adding job tentatively -- it will be properly scheduled when the scheduler starts
2019-10-30 09:46:21,463 base.py[line:440] [USER:ADDR] INFO Adding job tentatively -- it will be properly scheduled when the scheduler starts
2019-10-30 09:46:22,604 base.py[line:440] [USER:ADDR] INFO Adding job tentatively -- it will be properly scheduled when the scheduler starts
2019-10-30 09:46:23,714 base.py[line:440] [USER:ADDR] INFO Adding job tentatively -- it will be properly scheduled when the scheduler starts
2019-10-30 09:46:24,819 base.py[line:440] [USER:ADDR] INFO Adding job tentatively -- it will be properly scheduled when the scheduler starts
2019-10-30 09:46:25,920 base.py[line:440] [USER:ADDR] INFO Adding job tentatively -- it will be properly scheduled when the scheduler starts
2019-10-30 09:46:27,012 base.py[line:440] [USER:ADDR] INFO Adding job tentatively -- it will be properly scheduled when the scheduler starts
2019-10-30 09:46:27,013 base.py[line:881] [USER:ADDR] INFO Added job "banquet.a" to job store "default"
2019-10-30 09:46:27,013 base.py[line:881] [USER:ADDR] INFO Added job "banquet.a" to job store "default"
2019-10-30 09:46:27,013 base.py[line:881] [USER:ADDR] INFO Added job "banquet.a" to job store "default"
2019-10-30 09:46:27,015 base.py[line:881] [USER:ADDR] INFO Added job "banquet.a" to job store "default"
2019-10-30 09:46:27,016 base.py[line:881] [USER:ADDR] INFO Added job "banquet.a" to job store "default"
2019-10-30 09:46:27,016 base.py[line:881] [USER:ADDR] INFO Added job "banquet.a" to job store "default"
2019-10-30 09:46:27,016 base.py[line:881] [USER:ADDR] INFO Added job "banquet.a" to job store "default"
2019-10-30 09:46:27,017 base.py[line:881] [USER:ADDR] INFO Added job "banquet.a" to job store "default"
2019-10-30 09:46:27,017 base.py[line:881] [USER:ADDR] INFO Added job "banquet.a" to job store "default"
2019-10-30 09:46:27,017 base.py[line:881] [USER:ADDR] INFO Added job "banquet.a" to job store "default"
2019-10-30 09:46:27,019 base.py[line:881] [USER:ADDR] INFO Added job "banquet.a" to job store "default"
2019-10-30 09:46:27,019 base.py[line:881] [USER:ADDR] INFO Added job "banquet.a" to job store "default"
2019-10-30 09:46:27,019 base.py[line:881] [USER:ADDR] INFO Added job "banquet.a" to job store "default"
2019-10-30 09:46:27,019 base.py[line:881] [USER:ADDR] INFO Added job "banquet.a" to job store "default"
2019-10-30 09:46:27,019 base.py[line:881] [USER:ADDR] INFO Added job "banquet.a" to job store "default"
2019-10-30 09:46:27,020 base.py[line:881] [USER:ADDR] INFO Added job "banquet.a" to job store "default"
2019-10-30 09:46:27,020 base.py[line:881] [USER:ADDR] INFO Added job "banquet.a" to job store "default"
2019-10-30 09:46:27,020 base.py[line:881] [USER:ADDR] INFO Added job "banquet.a" to job store "default"
2019-10-30 09:46:27,022 base.py[line:881] [USER:ADDR] INFO Added job "banquet.a" to job store "default"
2019-10-30 09:46:27,022 base.py[line:881] [USER:ADDR] INFO Added job "banquet.a" to job store "default"
2019-10-30 09:46:27,022 base.py[line:881] [USER:ADDR] INFO Added job "banquet.a" to job store "default"
2019-10-30 09:46:27,023 base.py[line:881] [USER:ADDR] INFO Added job "banquet.a" to job store "default"
2019-10-30 09:46:27,023 base.py[line:166] [USER:ADDR] INFO Scheduler started
2019-10-30 09:46:27,234 base.py[line:627] [USER:ADDR] INFO Removed job dapeng001148
2019-10-30 09:46:27,453 base.py[line:627] [USER:ADDR] INFO Removed job xingyue123a148
2019-10-30 09:46:28,299 base.py[line:627] [USER:ADDR] INFO Removed job wjj12138146
2019-10-30 09:46:28,528 base.py[line:627] [USER:ADDR] INFO Removed job pock520149
2019-10-30 09:46:28,552 base.py[line:627] [USER:ADDR] INFO Removed job liyue123a21
2019-10-30 09:46:28,621 base.py[line:627] [USER:ADDR] INFO Removed job zyh13028563689145
2019-10-30 09:46:28,816 base.py[line:627] [USER:ADDR] INFO Removed job ww131985xx22
2019-10-30 09:46:28,816 base.py[line:627] [USER:ADDR] INFO Removed job weiyue123a21
2019-10-30 09:46:28,986 base.py[line:627] [USER:ADDR] INFO Removed job my780618my145
2019-10-30 09:46:29,112 base.py[line:627] [USER:ADDR] INFO Removed job nova45326
2019-10-30 09:46:29,338 base.py[line:627] [USER:ADDR] INFO Removed job xinxin056012149
2019-10-30 09:46:29,454 base.py[line:627] [USER:ADDR] INFO Removed job 13198322
2019-10-30 09:46:29,480 base.py[line:627] [USER:ADDR] INFO Removed job zhaofei326
2019-10-30 09:46:29,480 base.py[line:627] [USER:ADDR] INFO Removed job ww131986xx22
2019-10-30 09:46:29,482 base.py[line:627] [USER:ADDR] INFO Removed job ww131987xx22
2019-10-30 09:46:29,517 base.py[line:627] [USER:ADDR] INFO Removed job 110ma149
2019-10-30 09:46:29,664 base.py[line:627] [USER:ADDR] INFO Removed job ww131984xx22
2019-10-30 09:46:29,691 base.py[line:627] [USER:ADDR] INFO Removed job zhd6676123145
2019-10-30 09:46:29,742 base.py[line:627] [USER:ADDR] INFO Removed job wengshengyin122
2019-10-30 09:46:30,079 base.py[line:627] [USER:ADDR] INFO Removed job zhaoyue123a21
2019-10-30 09:46:30,473 base.py[line:627] [USER:ADDR] INFO Removed job qianyue123a21
2019-10-30 09:46:31,273 base.py[line:627] [USER:ADDR] INFO Removed job qqqwwweee12138146
2019-10-30 09:53:51,138 base.py[line:440] [USER:ADDR] INFO Adding job tentatively -- it will be properly scheduled when the scheduler starts
2019-10-30 09:53:52,256 base.py[line:440] [USER:ADDR] INFO Adding job tentatively -- it will be properly scheduled when the scheduler starts
2019-10-30 09:53:53,368 base.py[line:440] [USER:ADDR] INFO Adding job tentatively -- it will be properly scheduled when the scheduler starts
2019-10-30 09:53:54,500 base.py[line:440] [USER:ADDR] INFO Adding job tentatively -- it will be properly scheduled when the scheduler starts
2019-10-30 09:53:55,614 base.py[line:440] [USER:ADDR] INFO Adding job tentatively -- it will be properly scheduled when the scheduler starts
2019-10-30 09:53:56,723 base.py[line:440] [USER:ADDR] INFO Adding job tentatively -- it will be properly scheduled when the scheduler starts
2019-10-30 09:53:57,835 base.py[line:440] [USER:ADDR] INFO Adding job tentatively -- it will be properly scheduled when the scheduler starts
2019-10-30 09:53:58,971 base.py[line:440] [USER:ADDR] INFO Adding job tentatively -- it will be properly scheduled when the scheduler starts
2019-10-30 09:54:00,101 base.py[line:440] [USER:ADDR] INFO Adding job tentatively -- it will be properly scheduled when the scheduler starts
2019-10-30 09:54:01,226 base.py[line:440] [USER:ADDR] INFO Adding job tentatively -- it will be properly scheduled when the scheduler starts
2019-10-30 09:54:02,349 base.py[line:440] [USER:ADDR] INFO Adding job tentatively -- it will be properly scheduled when the scheduler starts
2019-10-30 09:54:03,461 base.py[line:440] [USER:ADDR] INFO Adding job tentatively -- it will be properly scheduled when the scheduler starts
2019-10-30 09:54:04,585 base.py[line:440] [USER:ADDR] INFO Adding job tentatively -- it will be properly scheduled when the scheduler starts
2019-10-30 09:54:05,701 base.py[line:440] [USER:ADDR] INFO Adding job tentatively -- it will be properly scheduled when the scheduler starts
2019-10-30 09:54:06,822 base.py[line:440] [USER:ADDR] INFO Adding job tentatively -- it will be properly scheduled when the scheduler starts
2019-10-30 09:54:08,005 base.py[line:440] [USER:ADDR] INFO Adding job tentatively -- it will be properly scheduled when the scheduler starts
2019-10-30 09:54:09,121 base.py[line:440] [USER:ADDR] INFO Adding job tentatively -- it will be properly scheduled when the scheduler starts
2019-10-30 09:54:10,243 base.py[line:440] [USER:ADDR] INFO Adding job tentatively -- it will be properly scheduled when the scheduler starts
2019-10-30 09:54:11,411 base.py[line:440] [USER:ADDR] INFO Adding job tentatively -- it will be properly scheduled when the scheduler starts
2019-10-30 09:54:12,532 base.py[line:440] [USER:ADDR] INFO Adding job tentatively -- it will be properly scheduled when the scheduler starts
2019-10-30 09:54:13,647 base.py[line:440] [USER:ADDR] INFO Adding job tentatively -- it will be properly scheduled when the scheduler starts
2019-10-30 09:54:14,766 base.py[line:440] [USER:ADDR] INFO Adding job tentatively -- it will be properly scheduled when the scheduler starts
2019-10-30 09:54:14,769 base.py[line:881] [USER:ADDR] INFO Added job "banquet.a" to job store "default"
2019-10-30 09:54:14,769 base.py[line:881] [USER:ADDR] INFO Added job "banquet.a" to job store "default"
2019-10-30 09:54:14,769 base.py[line:881] [USER:ADDR] INFO Added job "banquet.a" to job store "default"
2019-10-30 09:54:14,770 base.py[line:881] [USER:ADDR] INFO Added job "banquet.a" to job store "default"
2019-10-30 09:54:14,770 base.py[line:881] [USER:ADDR] INFO Added job "banquet.a" to job store "default"
2019-10-30 09:54:14,770 base.py[line:881] [USER:ADDR] INFO Added job "banquet.a" to job store "default"
2019-10-30 09:54:14,772 base.py[line:881] [USER:ADDR] INFO Added job "banquet.a" to job store "default"
2019-10-30 09:54:14,772 base.py[line:881] [USER:ADDR] INFO Added job "banquet.a" to job store "default"
2019-10-30 09:54:14,773 base.py[line:881] [USER:ADDR] INFO Added job "banquet.a" to job store "default"
2019-10-30 09:54:14,773 base.py[line:881] [USER:ADDR] INFO Added job "banquet.a" to job store "default"
2019-10-30 09:54:14,773 base.py[line:881] [USER:ADDR] INFO Added job "banquet.a" to job store "default"
2019-10-30 09:54:14,773 base.py[line:881] [USER:ADDR] INFO Added job "banquet.a" to job store "default"
2019-10-30 09:54:14,775 base.py[line:881] [USER:ADDR] INFO Added job "banquet.a" to job store "default"
2019-10-30 09:54:14,775 base.py[line:881] [USER:ADDR] INFO Added job "banquet.a" to job store "default"
2019-10-30 09:54:14,775 base.py[line:881] [USER:ADDR] INFO Added job "banquet.a" to job store "default"
2019-10-30 09:54:14,776 base.py[line:881] [USER:ADDR] INFO Added job "banquet.a" to job store "default"
2019-10-30 09:54:14,776 base.py[line:881] [USER:ADDR] INFO Added job "banquet.a" to job store "default"
2019-10-30 09:54:14,776 base.py[line:881] [USER:ADDR] INFO Added job "banquet.a" to job store "default"
2019-10-30 09:54:14,776 base.py[line:881] [USER:ADDR] INFO Added job "banquet.a" to job store "default"
2019-10-30 09:54:14,776 base.py[line:881] [USER:ADDR] INFO Added job "banquet.a" to job store "default"
2019-10-30 09:54:14,778 base.py[line:881] [USER:ADDR] INFO Added job "banquet.a" to job store "default"
2019-10-30 09:54:14,779 base.py[line:881] [USER:ADDR] INFO Added job "banquet.a" to job store "default"
2019-10-30 09:54:14,779 base.py[line:166] [USER:ADDR] INFO Scheduler started
2019-10-30 09:54:15,026 base.py[line:627] [USER:ADDR] INFO Removed job xingyue123a148
2019-10-30 09:54:15,321 base.py[line:627] [USER:ADDR] INFO Removed job zyh13028563689145
2019-10-30 09:54:16,059 base.py[line:627] [USER:ADDR] INFO Removed job pock520149
2019-10-30 09:54:16,164 base.py[line:627] [USER:ADDR] INFO Removed job weiyue123a21
2019-10-30 09:54:16,388 base.py[line:627] [USER:ADDR] INFO Removed job my780618my145
2019-10-30 09:54:16,407 base.py[line:627] [USER:ADDR] INFO Removed job ww131985xx22
2019-10-30 09:54:16,605 base.py[line:627] [USER:ADDR] INFO Removed job nova45326
2019-10-30 09:54:16,621 base.py[line:627] [USER:ADDR] INFO Removed job qqqwwweee12138146
2019-10-30 09:54:16,697 base.py[line:627] [USER:ADDR] INFO Removed job 110ma149
2019-10-30 09:54:16,892 base.py[line:627] [USER:ADDR] INFO Removed job wjj12138146
2019-10-30 09:54:16,944 base.py[line:627] [USER:ADDR] INFO Removed job 13198322
2019-10-30 09:54:16,944 base.py[line:627] [USER:ADDR] INFO Removed job ww131987xx22
2019-10-30 09:54:16,946 base.py[line:627] [USER:ADDR] INFO Removed job ww131986xx22
2019-10-30 09:54:16,946 base.py[line:627] [USER:ADDR] INFO Removed job zhaofei326
2019-10-30 09:54:16,947 base.py[line:627] [USER:ADDR] INFO Removed job zhaoyue123a21
2019-10-30 09:54:17,009 base.py[line:627] [USER:ADDR] INFO Removed job wengshengyin122
2019-10-30 09:54:17,010 base.py[line:627] [USER:ADDR] INFO Removed job xinxin056012149
2019-10-30 09:54:17,053 base.py[line:627] [USER:ADDR] INFO Removed job dapeng001148
2019-10-30 09:54:17,256 base.py[line:627] [USER:ADDR] INFO Removed job ww131984xx22
2019-10-30 09:54:17,303 base.py[line:627] [USER:ADDR] INFO Removed job zhd6676123145
2019-10-30 09:54:17,575 base.py[line:627] [USER:ADDR] INFO Removed job qianyue123a21
2019-10-30 09:54:17,959 base.py[line:627] [USER:ADDR] INFO Removed job liyue123a21
2019-10-30 11:02:00,757 base.py[line:440] [USER:ADDR] INFO Adding job tentatively -- it will be properly scheduled when the scheduler starts
2019-10-30 11:02:01,875 base.py[line:440] [USER:ADDR] INFO Adding job tentatively -- it will be properly scheduled when the scheduler starts
2019-10-30 11:02:03,052 base.py[line:440] [USER:ADDR] INFO Adding job tentatively -- it will be properly scheduled when the scheduler starts
2019-10-30 11:02:03,052 base.py[line:881] [USER:ADDR] INFO Added job "banquet.a" to job store "default"
2019-10-30 11:02:03,052 base.py[line:881] [USER:ADDR] INFO Added job "banquet.a" to job store "default"
2019-10-30 11:02:03,053 base.py[line:881] [USER:ADDR] INFO Added job "banquet.a" to job store "default"
2019-10-30 11:02:03,053 base.py[line:166] [USER:ADDR] INFO Scheduler started
2019-10-30 11:45:10,802 base.py[line:627] [USER:ADDR] INFO Removed job wuyue123a21
2019-10-30 11:49:57,299 base.py[line:440] [USER:ADDR] INFO Adding job tentatively -- it will be properly scheduled when the scheduler starts
2019-10-30 11:49:58,408 base.py[line:440] [USER:ADDR] INFO Adding job tentatively -- it will be properly scheduled when the scheduler starts
2019-10-30 11:49:59,529 base.py[line:440] [USER:ADDR] INFO Adding job tentatively -- it will be properly scheduled when the scheduler starts
2019-10-30 11:50:00,635 base.py[line:440] [USER:ADDR] INFO Adding job tentatively -- it will be properly scheduled when the scheduler starts
2019-10-30 11:50:01,769 base.py[line:440] [USER:ADDR] INFO Adding job tentatively -- it will be properly scheduled when the scheduler starts
2019-10-30 11:50:02,920 base.py[line:440] [USER:ADDR] INFO Adding job tentatively -- it will be properly scheduled when the scheduler starts
2019-10-30 11:50:04,042 base.py[line:440] [USER:ADDR] INFO Adding job tentatively -- it will be properly scheduled when the scheduler starts
2019-10-30 11:50:05,200 base.py[line:440] [USER:ADDR] INFO Adding job tentatively -- it will be properly scheduled when the scheduler starts
2019-10-30 11:50:06,306 base.py[line:440] [USER:ADDR] INFO Adding job tentatively -- it will be properly scheduled when the scheduler starts
2019-10-30 11:50:07,418 base.py[line:440] [USER:ADDR] INFO Adding job tentatively -- it will be properly scheduled when the scheduler starts
2019-10-30 11:50:08,569 base.py[line:440] [USER:ADDR] INFO Adding job tentatively -- it will be properly scheduled when the scheduler starts
2019-10-30 11:50:09,690 base.py[line:440] [USER:ADDR] INFO Adding job tentatively -- it will be properly scheduled when the scheduler starts
2019-10-30 11:50:10,801 base.py[line:440] [USER:ADDR] INFO Adding job tentatively -- it will be properly scheduled when the scheduler starts
2019-10-30 11:50:11,907 base.py[line:440] [USER:ADDR] INFO Adding job tentatively -- it will be properly scheduled when the scheduler starts
2019-10-30 11:50:13,042 base.py[line:440] [USER:ADDR] INFO Adding job tentatively -- it will be properly scheduled when the scheduler starts
2019-10-30 11:50:14,158 base.py[line:440] [USER:ADDR] INFO Adding job tentatively -- it will be properly scheduled when the scheduler starts
2019-10-30 11:50:15,289 base.py[line:440] [USER:ADDR] INFO Adding job tentatively -- it will be properly scheduled when the scheduler starts
2019-10-30 11:50:16,401 base.py[line:440] [USER:ADDR] INFO Adding job tentatively -- it will be properly scheduled when the scheduler starts
2019-10-30 11:50:17,552 base.py[line:440] [USER:ADDR] INFO Adding job tentatively -- it will be properly scheduled when the scheduler starts
2019-10-30 11:50:18,667 base.py[line:440] [USER:ADDR] INFO Adding job tentatively -- it will be properly scheduled when the scheduler starts
2019-10-30 11:50:19,779 base.py[line:440] [USER:ADDR] INFO Adding job tentatively -- it will be properly scheduled when the scheduler starts
2019-10-30 11:50:20,921 base.py[line:440] [USER:ADDR] INFO Adding job tentatively -- it will be properly scheduled when the scheduler starts
2019-10-30 11:50:20,924 base.py[line:881] [USER:ADDR] INFO Added job "banquet.a" to job store "default"
2019-10-30 11:50:20,924 base.py[line:881] [USER:ADDR] INFO Added job "banquet.a" to job store "default"
2019-10-30 11:50:20,924 base.py[line:881] [USER:ADDR] INFO Added job "banquet.a" to job store "default"
2019-10-30 11:50:20,924 base.py[line:881] [USER:ADDR] INFO Added job "banquet.a" to job store "default"
2019-10-30 11:50:20,924 base.py[line:881] [USER:ADDR] INFO Added job "banquet.a" to job store "default"
2019-10-30 11:50:20,926 base.py[line:881] [USER:ADDR] INFO Added job "banquet.a" to job store "default"
2019-10-30 11:50:20,926 base.py[line:881] [USER:ADDR] INFO Added job "banquet.a" to job store "default"
2019-10-30 11:50:20,926 base.py[line:881] [USER:ADDR] INFO Added job "banquet.a" to job store "default"
2019-10-30 11:50:20,927 base.py[line:881] [USER:ADDR] INFO Added job "banquet.a" to job store "default"
2019-10-30 11:50:20,927 base.py[line:881] [USER:ADDR] INFO Added job "banquet.a" to job store "default"
2019-10-30 11:50:20,927 base.py[line:881] [USER:ADDR] INFO Added job "banquet.a" to job store "default"
2019-10-30 11:50:20,927 base.py[line:881] [USER:ADDR] INFO Added job "banquet.a" to job store "default"
2019-10-30 11:50:20,927 base.py[line:881] [USER:ADDR] INFO Added job "banquet.a" to job store "default"
2019-10-30 11:50:20,927 base.py[line:881] [USER:ADDR] INFO Added job "banquet.a" to job store "default"
2019-10-30 11:50:20,928 base.py[line:881] [USER:ADDR] INFO Added job "banquet.a" to job store "default"
2019-10-30 11:50:20,928 base.py[line:881] [USER:ADDR] INFO Added job "banquet.a" to job store "default"
2019-10-30 11:50:20,928 base.py[line:881] [USER:ADDR] INFO Added job "banquet.a" to job store "default"
2019-10-30 11:50:20,930 base.py[line:881] [USER:ADDR] INFO Added job "banquet.a" to job store "default"
2019-10-30 11:50:20,930 base.py[line:881] [USER:ADDR] INFO Added job "banquet.a" to job store "default"
2019-10-30 11:50:20,930 base.py[line:881] [USER:ADDR] INFO Added job "banquet.a" to job store "default"
2019-10-30 11:50:20,930 base.py[line:881] [USER:ADDR] INFO Added job "banquet.a" to job store "default"
2019-10-30 11:50:20,930 base.py[line:881] [USER:ADDR] INFO Added job "banquet.a" to job store "default"
2019-10-30 11:50:20,930 base.py[line:166] [USER:ADDR] INFO Scheduler started
2019-10-30 11:50:21,138 base.py[line:627] [USER:ADDR] INFO Removed job pock520149
2019-10-30 11:50:21,256 base.py[line:627] [USER:ADDR] INFO Removed job xingyue123a148
2019-10-30 11:50:21,391 base.py[line:627] [USER:ADDR] INFO Removed job my780618my145
2019-10-30 11:50:21,471 base.py[line:627] [USER:ADDR] INFO Removed job zyh13028563689145
2019-10-30 11:50:21,641 base.py[line:627] [USER:ADDR] INFO Removed job qqqwwweee12138146
2019-10-30 11:50:21,766 base.py[line:627] [USER:ADDR] INFO Removed job 110ma149
2019-10-30 11:50:22,446 base.py[line:627] [USER:ADDR] INFO Removed job weiyue123a21
2019-10-30 11:50:22,542 base.py[line:627] [USER:ADDR] INFO Removed job wjj12138146
2019-10-30 11:50:22,548 base.py[line:627] [USER:ADDR] INFO Removed job nova45326
2019-10-30 11:50:22,663 base.py[line:627] [USER:ADDR] INFO Removed job xinxin056012149
2019-10-30 11:50:22,727 base.py[line:627] [USER:ADDR] INFO Removed job ww131987xx22
2019-10-30 11:50:22,795 base.py[line:627] [USER:ADDR] INFO Removed job dapeng001148
2019-10-30 11:50:22,904 base.py[line:627] [USER:ADDR] INFO Removed job zhd6676123145
2019-10-30 11:50:23,154 base.py[line:627] [USER:ADDR] INFO Removed job ww131985xx22
2019-10-30 11:50:23,158 base.py[line:627] [USER:ADDR] INFO Removed job ww131986xx22
2019-10-30 11:50:23,540 base.py[line:627] [USER:ADDR] INFO Removed job ww131984xx22
2019-10-30 11:50:24,628 base.py[line:627] [USER:ADDR] INFO Removed job 13198322
2019-10-30 11:50:25,075 base.py[line:627] [USER:ADDR] INFO Removed job zhaofei326
2019-10-30 11:50:25,463 base.py[line:627] [USER:ADDR] INFO Removed job zhaoyue123a21
2019-10-30 11:50:25,881 base.py[line:627] [USER:ADDR] INFO Removed job qianyue123a21
2019-10-30 11:50:26,260 base.py[line:627] [USER:ADDR] INFO Removed job wengshengyin122
2019-10-30 11:50:26,709 base.py[line:627] [USER:ADDR] INFO Removed job liyue123a21
2019-10-31 09:51:49,010 base.py[line:440] [USER:ADDR] INFO Adding job tentatively -- it will be properly scheduled when the scheduler starts
2019-10-31 09:51:50,197 base.py[line:440] [USER:ADDR] INFO Adding job tentatively -- it will be properly scheduled when the scheduler starts
2019-10-31 09:51:51,433 base.py[line:440] [USER:ADDR] INFO Adding job tentatively -- it will be properly scheduled when the scheduler starts
2019-10-31 09:51:51,433 base.py[line:881] [USER:ADDR] INFO Added job "banquet.a" to job store "default"
2019-10-31 09:51:51,433 base.py[line:881] [USER:ADDR] INFO Added job "banquet.a" to job store "default"
2019-10-31 09:51:51,433 base.py[line:881] [USER:ADDR] INFO Added job "banquet.a" to job store "default"
2019-10-31 09:51:51,433 base.py[line:166] [USER:ADDR] INFO Scheduler started
2019-10-31 09:52:13,470 base.py[line:440] [USER:ADDR] INFO Adding job tentatively -- it will be properly scheduled when the scheduler starts
2019-10-31 09:52:14,611 base.py[line:440] [USER:ADDR] INFO Adding job tentatively -- it will be properly scheduled when the scheduler starts
2019-10-31 09:52:15,861 base.py[line:440] [USER:ADDR] INFO Adding job tentatively -- it will be properly scheduled when the scheduler starts
2019-10-31 09:52:17,049 base.py[line:440] [USER:ADDR] INFO Adding job tentatively -- it will be properly scheduled when the scheduler starts
2019-10-31 09:52:18,230 base.py[line:440] [USER:ADDR] INFO Adding job tentatively -- it will be properly scheduled when the scheduler starts
2019-10-31 09:52:19,378 base.py[line:440] [USER:ADDR] INFO Adding job tentatively -- it will be properly scheduled when the scheduler starts
2019-10-31 09:52:20,614 base.py[line:440] [USER:ADDR] INFO Adding job tentatively -- it will be properly scheduled when the scheduler starts
2019-10-31 09:52:21,982 base.py[line:440] [USER:ADDR] INFO Adding job tentatively -- it will be properly scheduled when the scheduler starts
2019-10-31 09:52:23,173 base.py[line:440] [USER:ADDR] INFO Adding job tentatively -- it will be properly scheduled when the scheduler starts
2019-10-31 09:52:24,483 base.py[line:440] [USER:ADDR] INFO Adding job tentatively -- it will be properly scheduled when the scheduler starts
2019-10-31 09:52:25,680 base.py[line:440] [USER:ADDR] INFO Adding job tentatively -- it will be properly scheduled when the scheduler starts
2019-10-31 09:52:27,194 base.py[line:440] [USER:ADDR] INFO Adding job tentatively -- it will be properly scheduled when the scheduler starts
2019-10-31 09:52:28,382 base.py[line:440] [USER:ADDR] INFO Adding job tentatively -- it will be properly scheduled when the scheduler starts
2019-10-31 09:52:29,499 base.py[line:440] [USER:ADDR] INFO Adding job tentatively -- it will be properly scheduled when the scheduler starts
2019-10-31 09:52:30,634 base.py[line:440] [USER:ADDR] INFO Adding job tentatively -- it will be properly scheduled when the scheduler starts
2019-10-31 09:52:31,812 base.py[line:440] [USER:ADDR] INFO Adding job tentatively -- it will be properly scheduled when the scheduler starts
2019-10-31 09:52:32,927 base.py[line:440] [USER:ADDR] INFO Adding job tentatively -- it will be properly scheduled when the scheduler starts
2019-10-31 09:52:34,059 base.py[line:440] [USER:ADDR] INFO Adding job tentatively -- it will be properly scheduled when the scheduler starts
2019-10-31 09:52:35,221 base.py[line:440] [USER:ADDR] INFO Adding job tentatively -- it will be properly scheduled when the scheduler starts
2019-10-31 09:52:36,348 base.py[line:440] [USER:ADDR] INFO Adding job tentatively -- it will be properly scheduled when the scheduler starts
2019-10-31 09:52:37,690 base.py[line:440] [USER:ADDR] INFO Adding job tentatively -- it will be properly scheduled when the scheduler starts
2019-10-31 09:52:38,931 base.py[line:440] [USER:ADDR] INFO Adding job tentatively -- it will be properly scheduled when the scheduler starts
2019-10-31 09:52:38,934 base.py[line:881] [USER:ADDR] INFO Added job "banquet.a" to job store "default"
2019-10-31 09:52:38,934 base.py[line:881] [USER:ADDR] INFO Added job "banquet.a" to job store "default"
2019-10-31 09:52:38,934 base.py[line:881] [USER:ADDR] INFO Added job "banquet.a" to job store "default"
2019-10-31 09:52:38,934 base.py[line:881] [USER:ADDR] INFO Added job "banquet.a" to job store "default"
2019-10-31 09:52:38,934 base.py[line:881] [USER:ADDR] INFO Added job "banquet.a" to job store "default"
2019-10-31 09:52:38,936 base.py[line:881] [USER:ADDR] INFO Added job "banquet.a" to job store "default"
2019-10-31 09:52:38,936 base.py[line:881] [USER:ADDR] INFO Added job "banquet.a" to job store "default"
2019-10-31 09:52:38,936 base.py[line:881] [USER:ADDR] INFO Added job "banquet.a" to job store "default"
2019-10-31 09:52:38,936 base.py[line:881] [USER:ADDR] INFO Added job "banquet.a" to job store "default"
2019-10-31 09:52:38,937 base.py[line:881] [USER:ADDR] INFO Added job "banquet.a" to job store "default"
2019-10-31 09:52:38,937 base.py[line:881] [USER:ADDR] INFO Added job "banquet.a" to job store "default"
2019-10-31 09:52:38,937 base.py[line:881] [USER:ADDR] INFO Added job "banquet.a" to job store "default"
2019-10-31 09:52:38,937 base.py[line:881] [USER:ADDR] INFO Added job "banquet.a" to job store "default"
2019-10-31 09:52:38,937 base.py[line:881] [USER:ADDR] INFO Added job "banquet.a" to job store "default"
2019-10-31 09:52:38,937 base.py[line:881] [USER:ADDR] INFO Added job "banquet.a" to job store "default"
2019-10-31 09:52:38,937 base.py[line:881] [USER:ADDR] INFO Added job "banquet.a" to job store "default"
2019-10-31 09:52:38,937 base.py[line:881] [USER:ADDR] INFO Added job "banquet.a" to job store "default"
2019-10-31 09:52:38,937 base.py[line:881] [USER:ADDR] INFO Added job "banquet.a" to job store "default"
2019-10-31 09:52:38,938 base.py[line:881] [USER:ADDR] INFO Added job "banquet.a" to job store "default"
2019-10-31 09:52:38,938 base.py[line:881] [USER:ADDR] INFO Added job "banquet.a" to job store "default"
2019-10-31 09:52:38,938 base.py[line:881] [USER:ADDR] INFO Added job "banquet.a" to job store "default"
2019-10-31 09:52:38,938 base.py[line:881] [USER:ADDR] INFO Added job "banquet.a" to job store "default"
2019-10-31 09:52:38,938 base.py[line:166] [USER:ADDR] INFO Scheduler started
2019-10-31 09:52:40,463 base.py[line:627] [USER:ADDR] INFO Removed job ww131986xx22
2019-10-31 09:52:40,509 base.py[line:627] [USER:ADDR] INFO Removed job zyh13028563689145
2019-10-31 09:52:40,792 base.py[line:627] [USER:ADDR] INFO Removed job ww131985xx22
2019-10-31 09:52:41,082 base.py[line:627] [USER:ADDR] INFO Removed job ww131984xx22
2019-10-31 09:52:41,397 base.py[line:627] [USER:ADDR] INFO Removed job xingyue123a148
2019-10-31 09:52:41,529 base.py[line:627] [USER:ADDR] INFO Removed job 110ma149
2019-10-31 09:52:41,825 base.py[line:627] [USER:ADDR] INFO Removed job wjj12138146
2019-10-31 09:52:41,888 base.py[line:627] [USER:ADDR] INFO Removed job nova45326
2019-10-31 09:52:42,247 base.py[line:627] [USER:ADDR] INFO Removed job ww131987xx22
2019-10-31 09:52:42,263 base.py[line:627] [USER:ADDR] INFO Removed job my780618my145
2019-10-31 09:52:42,530 base.py[line:627] [USER:ADDR] INFO Removed job pock520149
2019-10-31 09:52:42,578 base.py[line:627] [USER:ADDR] INFO Removed job 13198322
2019-10-31 09:52:42,578 base.py[line:627] [USER:ADDR] INFO Removed job zhaoyue123a21
2019-10-31 09:52:42,796 base.py[line:627] [USER:ADDR] INFO Removed job xinxin056012149
2019-10-31 09:52:42,859 base.py[line:627] [USER:ADDR] INFO Removed job qianyue123a21
2019-10-31 09:52:42,859 base.py[line:627] [USER:ADDR] INFO Removed job qqqwwweee12138146
2019-10-31 09:52:42,905 base.py[line:627] [USER:ADDR] INFO Removed job zhaofei326
2019-10-31 09:52:43,092 base.py[line:627] [USER:ADDR] INFO Removed job zhd6676123145
2019-10-31 09:52:43,160 base.py[line:627] [USER:ADDR] INFO Removed job liyue123a21
2019-10-31 09:52:43,441 base.py[line:627] [USER:ADDR] INFO Removed job dapeng001148
2019-10-31 09:52:43,441 base.py[line:627] [USER:ADDR] INFO Removed job wengshengyin122
2019-10-31 09:52:43,473 base.py[line:627] [USER:ADDR] INFO Removed job weiyue123a21
2019-10-31 09:54:00,936 base.py[line:440] [USER:ADDR] INFO Adding job tentatively -- it will be properly scheduled when the scheduler starts
2019-10-31 09:54:02,058 base.py[line:440] [USER:ADDR] INFO Adding job tentatively -- it will be properly scheduled when the scheduler starts
2019-10-31 09:54:03,165 base.py[line:440] [USER:ADDR] INFO Adding job tentatively -- it will be properly scheduled when the scheduler starts
2019-10-31 09:54:04,283 base.py[line:440] [USER:ADDR] INFO Adding job tentatively -- it will be properly scheduled when the scheduler starts
2019-10-31 09:54:05,415 base.py[line:440] [USER:ADDR] INFO Adding job tentatively -- it will be properly scheduled when the scheduler starts
2019-10-31 09:54:06,532 base.py[line:440] [USER:ADDR] INFO Adding job tentatively -- it will be properly scheduled when the scheduler starts
2019-10-31 09:54:07,664 base.py[line:440] [USER:ADDR] INFO Adding job tentatively -- it will be properly scheduled when the scheduler starts
2019-10-31 09:54:08,796 base.py[line:440] [USER:ADDR] INFO Adding job tentatively -- it will be properly scheduled when the scheduler starts
2019-10-31 09:54:09,933 base.py[line:440] [USER:ADDR] INFO Adding job tentatively -- it will be properly scheduled when the scheduler starts
2019-10-31 09:54:11,082 base.py[line:440] [USER:ADDR] INFO Adding job tentatively -- it will be properly scheduled when the scheduler starts
2019-10-31 09:54:12,234 base.py[line:440] [USER:ADDR] INFO Adding job tentatively -- it will be properly scheduled when the scheduler starts
2019-10-31 09:54:13,349 base.py[line:440] [USER:ADDR] INFO Adding job tentatively -- it will be properly scheduled when the scheduler starts
2019-10-31 09:54:14,453 base.py[line:440] [USER:ADDR] INFO Adding job tentatively -- it will be properly scheduled when the scheduler starts
2019-10-31 09:54:15,588 base.py[line:440] [USER:ADDR] INFO Adding job tentatively -- it will be properly scheduled when the scheduler starts
2019-10-31 09:54:16,713 base.py[line:440] [USER:ADDR] INFO Adding job tentatively -- it will be properly scheduled when the scheduler starts
2019-10-31 09:54:17,855 base.py[line:440] [USER:ADDR] INFO Adding job tentatively -- it will be properly scheduled when the scheduler starts
2019-10-31 09:54:18,984 base.py[line:440] [USER:ADDR] INFO Adding job tentatively -- it will be properly scheduled when the scheduler starts
2019-10-31 09:54:20,101 base.py[line:440] [USER:ADDR] INFO Adding job tentatively -- it will be properly scheduled when the scheduler starts
2019-10-31 09:54:21,292 base.py[line:440] [USER:ADDR] INFO Adding job tentatively -- it will be properly scheduled when the scheduler starts
2019-10-31 09:54:22,460 base.py[line:440] [USER:ADDR] INFO Adding job tentatively -- it will be properly scheduled when the scheduler starts
2019-10-31 09:54:23,612 base.py[line:440] [USER:ADDR] INFO Adding job tentatively -- it will be properly scheduled when the scheduler starts
2019-10-31 09:54:24,723 base.py[line:440] [USER:ADDR] INFO Adding job tentatively -- it will be properly scheduled when the scheduler starts
2019-10-31 09:54:24,723 base.py[line:881] [USER:ADDR] INFO Added job "banquet.a" to job store "default"
2019-10-31 09:54:24,723 base.py[line:881] [USER:ADDR] INFO Added job "banquet.a" to job store "default"
2019-10-31 09:54:24,723 base.py[line:881] [USER:ADDR] INFO Added job "banquet.a" to job store "default"
2019-10-31 09:54:24,723 base.py[line:881] [USER:ADDR] INFO Added job "banquet.a" to job store "default"
2019-10-31 09:54:24,723 base.py[line:881] [USER:ADDR] INFO Added job "banquet.a" to job store "default"
2019-10-31 09:54:24,723 base.py[line:881] [USER:ADDR] INFO Added job "banquet.a" to job store "default"
2019-10-31 09:54:24,723 base.py[line:881] [USER:ADDR] INFO Added job "banquet.a" to job store "default"
2019-10-31 09:54:24,723 base.py[line:881] [USER:ADDR] INFO Added job "banquet.a" to job store "default"
2019-10-31 09:54:24,723 base.py[line:881] [USER:ADDR] INFO Added job "banquet.a" to job store "default"
2019-10-31 09:54:24,723 base.py[line:881] [USER:ADDR] INFO Added job "banquet.a" to job store "default"
2019-10-31 09:54:24,723 base.py[line:881] [USER:ADDR] INFO Added job "banquet.a" to job store "default"
2019-10-31 09:54:24,723 base.py[line:881] [USER:ADDR] INFO Added job "banquet.a" to job store "default"
2019-10-31 09:54:24,723 base.py[line:881] [USER:ADDR] INFO Added job "banquet.a" to job store "default"
2019-10-31 09:54:24,723 base.py[line:881] [USER:ADDR] INFO Added job "banquet.a" to job store "default"
2019-10-31 09:54:24,723 base.py[line:881] [USER:ADDR] INFO Added job "banquet.a" to job store "default"
2019-10-31 09:54:24,723 base.py[line:881] [USER:ADDR] INFO Added job "banquet.a" to job store "default"
2019-10-31 09:54:24,723 base.py[line:881] [USER:ADDR] INFO Added job "banquet.a" to job store "default"
2019-10-31 09:54:24,723 base.py[line:881] [USER:ADDR] INFO Added job "banquet.a" to job store "default"
2019-10-31 09:54:24,723 base.py[line:881] [USER:ADDR] INFO Added job "banquet.a" to job store "default"
2019-10-31 09:54:24,723 base.py[line:881] [USER:ADDR] INFO Added job "banquet.a" to job store "default"
2019-10-31 09:54:24,723 base.py[line:881] [USER:ADDR] INFO Added job "banquet.a" to job store "default"
2019-10-31 09:54:24,723 base.py[line:881] [USER:ADDR] INFO Added job "banquet.a" to job store "default"
2019-10-31 09:54:24,723 base.py[line:166] [USER:ADDR] INFO Scheduler started
2019-10-31 09:54:25,128 base.py[line:627] [USER:ADDR] INFO Removed job zyh13028563689145
2019-10-31 09:54:26,410 base.py[line:627] [USER:ADDR] INFO Removed job nova45326
2019-10-31 09:54:26,515 base.py[line:627] [USER:ADDR] INFO Removed job ww131985xx22
2019-10-31 09:54:26,884 base.py[line:627] [USER:ADDR] INFO Removed job 13198322
2019-10-31 09:54:26,930 base.py[line:627] [USER:ADDR] INFO Removed job ww131987xx22
2019-10-31 09:54:26,947 base.py[line:627] [USER:ADDR] INFO Removed job zhaofei326
2019-10-31 09:54:27,227 base.py[line:627] [USER:ADDR] INFO Removed job wengshengyin122
2019-10-31 09:54:27,243 base.py[line:627] [USER:ADDR] INFO Removed job zhaoyue123a21
2019-10-31 09:54:27,243 base.py[line:627] [USER:ADDR] INFO Removed job ww131986xx22
2019-10-31 09:54:27,540 base.py[line:627] [USER:ADDR] INFO Removed job ww131984xx22
2019-10-31 09:54:27,555 base.py[line:627] [USER:ADDR] INFO Removed job xingyue123a148
2019-10-31 09:54:27,572 base.py[line:627] [USER:ADDR] INFO Removed job my780618my145
2019-10-31 09:54:27,822 base.py[line:627] [USER:ADDR] INFO Removed job qqqwwweee12138146
2019-10-31 09:54:27,868 base.py[line:627] [USER:ADDR] INFO Removed job liyue123a21
2019-10-31 09:54:27,868 base.py[line:627] [USER:ADDR] INFO Removed job qianyue123a21
2019-10-31 09:54:28,086 base.py[line:627] [USER:ADDR] INFO Removed job 110ma149
2019-10-31 09:54:28,211 base.py[line:627] [USER:ADDR] INFO Removed job weiyue123a21
2019-10-31 09:54:28,368 base.py[line:627] [USER:ADDR] INFO Removed job wjj12138146
2019-10-31 09:54:29,086 base.py[line:627] [USER:ADDR] INFO Removed job dapeng001148
2019-10-31 09:54:29,102 base.py[line:627] [USER:ADDR] INFO Removed job pock520149
2019-10-31 09:54:29,102 base.py[line:627] [USER:ADDR] INFO Removed job xinxin056012149
2019-10-31 09:54:29,336 base.py[line:627] [USER:ADDR] INFO Removed job zhd6676123145
2019-10-31 09:54:42,901 base.py[line:440] [USER:ADDR] INFO Adding job tentatively -- it will be properly scheduled when the scheduler starts
2019-10-31 09:54:44,009 base.py[line:440] [USER:ADDR] INFO Adding job tentatively -- it will be properly scheduled when the scheduler starts
2019-10-31 09:54:45,104 base.py[line:440] [USER:ADDR] INFO Adding job tentatively -- it will be properly scheduled when the scheduler starts
2019-10-31 09:54:46,213 base.py[line:440] [USER:ADDR] INFO Adding job tentatively -- it will be properly scheduled when the scheduler starts
2019-10-31 09:54:47,306 base.py[line:440] [USER:ADDR] INFO Adding job tentatively -- it will be properly scheduled when the scheduler starts
2019-10-31 09:54:48,415 base.py[line:440] [USER:ADDR] INFO Adding job tentatively -- it will be properly scheduled when the scheduler starts
2019-10-31 09:54:49,509 base.py[line:440] [USER:ADDR] INFO Adding job tentatively -- it will be properly scheduled when the scheduler starts
2019-10-31 09:54:50,618 base.py[line:440] [USER:ADDR] INFO Adding job tentatively -- it will be properly scheduled when the scheduler starts
2019-10-31 09:54:51,747 base.py[line:440] [USER:ADDR] INFO Adding job tentatively -- it will be properly scheduled when the scheduler starts
2019-10-31 09:54:52,871 base.py[line:440] [USER:ADDR] INFO Adding job tentatively -- it will be properly scheduled when the scheduler starts
2019-10-31 09:54:53,996 base.py[line:440] [USER:ADDR] INFO Adding job tentatively -- it will be properly scheduled when the scheduler starts
2019-10-31 09:54:55,121 base.py[line:440] [USER:ADDR] INFO Adding job tentatively -- it will be properly scheduled when the scheduler starts
2019-10-31 09:54:56,232 base.py[line:440] [USER:ADDR] INFO Adding job tentatively -- it will be properly scheduled when the scheduler starts
2019-10-31 09:54:57,371 base.py[line:440] [USER:ADDR] INFO Adding job tentatively -- it will be properly scheduled when the scheduler starts
2019-10-31 09:54:58,513 base.py[line:440] [USER:ADDR] INFO Adding job tentatively -- it will be properly scheduled when the scheduler starts
2019-10-31 09:54:59,654 base.py[line:440] [USER:ADDR] INFO Adding job tentatively -- it will be properly scheduled when the scheduler starts
2019-10-31 09:55:00,871 base.py[line:440] [USER:ADDR] INFO Adding job tentatively -- it will be properly scheduled when the scheduler starts
2019-10-31 09:55:01,996 base.py[line:440] [USER:ADDR] INFO Adding job tentatively -- it will be properly scheduled when the scheduler starts
2019-10-31 09:55:03,121 base.py[line:440] [USER:ADDR] INFO Adding job tentatively -- it will be properly scheduled when the scheduler starts
2019-10-31 09:55:04,263 base.py[line:440] [USER:ADDR] INFO Adding job tentatively -- it will be properly scheduled when the scheduler starts
2019-10-31 09:55:05,371 base.py[line:440] [USER:ADDR] INFO Adding job tentatively -- it will be properly scheduled when the scheduler starts
2019-10-31 09:55:06,466 base.py[line:440] [USER:ADDR] INFO Adding job tentatively -- it will be properly scheduled when the scheduler starts
2019-10-31 09:55:06,466 base.py[line:881] [USER:ADDR] INFO Added job "banquet.a" to job store "default"
2019-10-31 09:55:06,466 base.py[line:881] [USER:ADDR] INFO Added job "banquet.a" to job store "default"
2019-10-31 09:55:06,466 base.py[line:881] [USER:ADDR] INFO Added job "banquet.a" to job store "default"
2019-10-31 09:55:06,466 base.py[line:881] [USER:ADDR] INFO Added job "banquet.a" to job store "default"
2019-10-31 09:55:06,466 base.py[line:881] [USER:ADDR] INFO Added job "banquet.a" to job store "default"
2019-10-31 09:55:06,466 base.py[line:881] [USER:ADDR] INFO Added job "banquet.a" to job store "default"
2019-10-31 09:55:06,466 base.py[line:881] [USER:ADDR] INFO Added job "banquet.a" to job store "default"
2019-10-31 09:55:06,466 base.py[line:881] [USER:ADDR] INFO Added job "banquet.a" to job store "default"
2019-10-31 09:55:06,466 base.py[line:881] [USER:ADDR] INFO Added job "banquet.a" to job store "default"
2019-10-31 09:55:06,466 base.py[line:881] [USER:ADDR] INFO Added job "banquet.a" to job store "default"
2019-10-31 09:55:06,466 base.py[line:881] [USER:ADDR] INFO Added job "banquet.a" to job store "default"
2019-10-31 09:55:06,482 base.py[line:881] [USER:ADDR] INFO Added job "banquet.a" to job store "default"
2019-10-31 09:55:06,482 base.py[line:881] [USER:ADDR] INFO Added job "banquet.a" to job store "default"
2019-10-31 09:55:06,482 base.py[line:881] [USER:ADDR] INFO Added job "banquet.a" to job store "default"
2019-10-31 09:55:06,482 base.py[line:881] [USER:ADDR] INFO Added job "banquet.a" to job store "default"
2019-10-31 09:55:06,482 base.py[line:881] [USER:ADDR] INFO Added job "banquet.a" to job store "default"
2019-10-31 09:55:06,482 base.py[line:881] [USER:ADDR] INFO Added job "banquet.a" to job store "default"
2019-10-31 09:55:06,482 base.py[line:881] [USER:ADDR] INFO Added job "banquet.a" to job store "default"
2019-10-31 09:55:06,482 base.py[line:881] [USER:ADDR] INFO Added job "banquet.a" to job store "default"
2019-10-31 09:55:06,482 base.py[line:881] [USER:ADDR] INFO Added job "banquet.a" to job store "default"
2019-10-31 09:55:06,482 base.py[line:881] [USER:ADDR] INFO Added job "banquet.a" to job store "default"
2019-10-31 09:55:06,482 base.py[line:881] [USER:ADDR] INFO Added job "banquet.a" to job store "default"
2019-10-31 09:55:06,482 base.py[line:166] [USER:ADDR] INFO Scheduler started
2019-10-31 09:55:06,543 base.py[line:627] [USER:ADDR] INFO Removed job weiyue123a21
2019-10-31 09:55:07,043 base.py[line:627] [USER:ADDR] INFO Removed job zyh13028563689145
2019-10-31 09:55:08,091 base.py[line:627] [USER:ADDR] INFO Removed job ww131985xx22
2019-10-31 09:55:08,184 base.py[line:627] [USER:ADDR] INFO Removed job nova45326
2019-10-31 09:55:08,575 base.py[line:627] [USER:ADDR] INFO Removed job 13198322
2019-10-31 09:55:08,621 base.py[line:627] [USER:ADDR] INFO Removed job ww131987xx22
2019-10-31 09:55:08,871 base.py[line:627] [USER:ADDR] INFO Removed job wengshengyin122
2019-10-31 09:55:08,934 base.py[line:627] [USER:ADDR] INFO Removed job ww131986xx22
2019-10-31 09:55:08,934 base.py[line:627] [USER:ADDR] INFO Removed job zhaofei326
2019-10-31 09:55:08,934 base.py[line:627] [USER:ADDR] INFO Removed job zhaoyue123a21
2019-10-31 09:55:08,996 base.py[line:627] [USER:ADDR] INFO Removed job ww131984xx22
2019-10-31 09:55:09,138 base.py[line:627] [USER:ADDR] INFO Removed job xingyue123a148
2019-10-31 09:55:09,153 base.py[line:627] [USER:ADDR] INFO Removed job pock520149
2019-10-31 09:55:09,168 base.py[line:627] [USER:ADDR] INFO Removed job qianyue123a21
2019-10-31 09:55:09,263 base.py[line:627] [USER:ADDR] INFO Removed job my780618my145
2019-10-31 09:55:09,403 base.py[line:627] [USER:ADDR] INFO Removed job qqqwwweee12138146
2019-10-31 09:55:09,513 base.py[line:627] [USER:ADDR] INFO Removed job 110ma149
2019-10-31 09:55:09,543 base.py[line:627] [USER:ADDR] INFO Removed job liyue123a21
2019-10-31 09:55:09,778 base.py[line:627] [USER:ADDR] INFO Removed job wjj12138146
2019-10-31 09:55:10,591 base.py[line:627] [USER:ADDR] INFO Removed job xinxin056012149
2019-10-31 09:55:10,684 base.py[line:627] [USER:ADDR] INFO Removed job dapeng001148
2019-10-31 09:55:10,871 base.py[line:627] [USER:ADDR] INFO Removed job zhd6676123145
2019-10-31 09:58:40,618 base.py[line:440] [USER:ADDR] INFO Adding job tentatively -- it will be properly scheduled when the scheduler starts
2019-10-31 09:58:41,775 base.py[line:440] [USER:ADDR] INFO Adding job tentatively -- it will be properly scheduled when the scheduler starts
2019-10-31 09:58:42,900 base.py[line:440] [USER:ADDR] INFO Adding job tentatively -- it will be properly scheduled when the scheduler starts
2019-10-31 09:58:44,039 base.py[line:440] [USER:ADDR] INFO Adding job tentatively -- it will be properly scheduled when the scheduler starts
2019-10-31 09:58:45,164 base.py[line:440] [USER:ADDR] INFO Adding job tentatively -- it will be properly scheduled when the scheduler starts
2019-10-31 09:58:46,289 base.py[line:440] [USER:ADDR] INFO Adding job tentatively -- it will be properly scheduled when the scheduler starts
2019-10-31 09:58:47,398 base.py[line:440] [USER:ADDR] INFO Adding job tentatively -- it will be properly scheduled when the scheduler starts
2019-10-31 09:58:48,523 base.py[line:440] [USER:ADDR] INFO Adding job tentatively -- it will be properly scheduled when the scheduler starts
2019-10-31 09:58:49,711 base.py[line:440] [USER:ADDR] INFO Adding job tentatively -- it will be properly scheduled when the scheduler starts
2019-10-31 09:58:50,851 base.py[line:440] [USER:ADDR] INFO Adding job tentatively -- it will be properly scheduled when the scheduler starts
2019-10-31 09:58:51,993 base.py[line:440] [USER:ADDR] INFO Adding job tentatively -- it will be properly scheduled when the scheduler starts
2019-10-31 09:58:53,101 base.py[line:440] [USER:ADDR] INFO Adding job tentatively -- it will be properly scheduled when the scheduler starts
2019-10-31 09:58:54,226 base.py[line:440] [USER:ADDR] INFO Adding job tentatively -- it will be properly scheduled when the scheduler starts
2019-10-31 09:58:55,351 base.py[line:440] [USER:ADDR] INFO Adding job tentatively -- it will be properly scheduled when the scheduler starts
2019-10-31 09:58:56,489 base.py[line:440] [USER:ADDR] INFO Adding job tentatively -- it will be properly scheduled when the scheduler starts
2019-10-31 09:58:57,598 base.py[line:440] [USER:ADDR] INFO Adding job tentatively -- it will be properly scheduled when the scheduler starts
2019-10-31 09:58:58,739 base.py[line:440] [USER:ADDR] INFO Adding job tentatively -- it will be properly scheduled when the scheduler starts
2019-10-31 09:58:59,864 base.py[line:440] [USER:ADDR] INFO Adding job tentatively -- it will be properly scheduled when the scheduler starts
2019-10-31 09:59:00,989 base.py[line:440] [USER:ADDR] INFO Adding job tentatively -- it will be properly scheduled when the scheduler starts
2019-10-31 09:59:02,105 base.py[line:440] [USER:ADDR] INFO Adding job tentatively -- it will be properly scheduled when the scheduler starts
2019-10-31 09:59:03,262 base.py[line:440] [USER:ADDR] INFO Adding job tentatively -- it will be properly scheduled when the scheduler starts
2019-10-31 09:59:04,387 base.py[line:440] [USER:ADDR] INFO Adding job tentatively -- it will be properly scheduled when the scheduler starts
2019-10-31 09:59:04,403 base.py[line:881] [USER:ADDR] INFO Added job "banquet.a" to job store "default"
2019-10-31 09:59:04,403 base.py[line:881] [USER:ADDR] INFO Added job "banquet.a" to job store "default"
2019-10-31 09:59:04,403 base.py[line:881] [USER:ADDR] INFO Added job "banquet.a" to job store "default"
2019-10-31 09:59:04,403 base.py[line:881] [USER:ADDR] INFO Added job "banquet.a" to job store "default"
2019-10-31 09:59:04,403 base.py[line:881] [USER:ADDR] INFO Added job "banquet.a" to job store "default"
2019-10-31 09:59:04,403 base.py[line:881] [USER:ADDR] INFO Added job "banquet.a" to job store "default"
2019-10-31 09:59:04,403 base.py[line:881] [USER:ADDR] INFO Added job "banquet.a" to job store "default"
2019-10-31 09:59:04,403 base.py[line:881] [USER:ADDR] INFO Added job "banquet.a" to job store "default"
2019-10-31 09:59:04,403 base.py[line:881] [USER:ADDR] INFO Added job "banquet.a" to job store "default"
2019-10-31 09:59:04,403 base.py[line:881] [USER:ADDR] INFO Added job "banquet.a" to job store "default"
2019-10-31 09:59:04,403 base.py[line:881] [USER:ADDR] INFO Added job "banquet.a" to job store "default"
2019-10-31 09:59:04,403 base.py[line:881] [USER:ADDR] INFO Added job "banquet.a" to job store "default"
2019-10-31 09:59:04,403 base.py[line:881] [USER:ADDR] INFO Added job "banquet.a" to job store "default"
2019-10-31 09:59:04,403 base.py[line:881] [USER:ADDR] INFO Added job "banquet.a" to job store "default"
2019-10-31 09:59:04,403 base.py[line:881] [USER:ADDR] INFO Added job "banquet.a" to job store "default"
2019-10-31 09:59:04,403 base.py[line:881] [USER:ADDR] INFO Added job "banquet.a" to job store "default"
2019-10-31 09:59:04,403 base.py[line:881] [USER:ADDR] INFO Added job "banquet.a" to job store "default"
2019-10-31 09:59:04,403 base.py[line:881] [USER:ADDR] INFO Added job "banquet.a" to job store "default"
2019-10-31 09:59:04,403 base.py[line:881] [USER:ADDR] INFO Added job "banquet.a" to job store "default"
2019-10-31 09:59:04,403 base.py[line:881] [USER:ADDR] INFO Added job "banquet.a" to job store "default"
2019-10-31 09:59:04,403 base.py[line:881] [USER:ADDR] INFO Added job "banquet.a" to job store "default"
2019-10-31 09:59:04,403 base.py[line:881] [USER:ADDR] INFO Added job "banquet.a" to job store "default"
2019-10-31 09:59:04,403 base.py[line:166] [USER:ADDR] INFO Scheduler started
2019-10-31 09:59:04,621 base.py[line:627] [USER:ADDR] INFO Removed job xingyue123a148
2019-10-31 09:59:04,700 base.py[line:627] [USER:ADDR] INFO Removed job my780618my145
2019-10-31 09:59:04,825 base.py[line:627] [USER:ADDR] INFO Removed job zyh13028563689145
2019-10-31 09:59:04,996 base.py[line:627] [USER:ADDR] INFO Removed job qqqwwweee12138146
2019-10-31 09:59:05,230 base.py[line:627] [USER:ADDR] INFO Removed job 110ma149
2019-10-31 09:59:06,246 base.py[line:627] [USER:ADDR] INFO Removed job weiyue123a21
2019-10-31 09:59:06,355 base.py[line:627] [USER:ADDR] INFO Removed job zhaoyue123a21
2019-10-31 09:59:06,450 base.py[line:627] [USER:ADDR] INFO Removed job wjj12138146
2019-10-31 09:59:06,512 base.py[line:627] [USER:ADDR] INFO Removed job ww131987xx22
2019-10-31 09:59:06,528 base.py[line:627] [USER:ADDR] INFO Removed job zhaofei326
2019-10-31 09:59:06,559 base.py[line:627] [USER:ADDR] INFO Removed job xinxin056012149
2019-10-31 09:59:06,589 base.py[line:627] [USER:ADDR] INFO Removed job nova45326
2019-10-31 09:59:06,589 base.py[line:627] [USER:ADDR] INFO Removed job 13198322
2019-10-31 09:59:06,637 base.py[line:627] [USER:ADDR] INFO Removed job dapeng001148
2019-10-31 09:59:06,667 base.py[line:627] [USER:ADDR] INFO Removed job zhd6676123145
2019-10-31 09:59:06,714 base.py[line:627] [USER:ADDR] INFO Removed job pock520149
2019-10-31 09:59:06,917 base.py[line:627] [USER:ADDR] INFO Removed job ww131986xx22
2019-10-31 09:59:06,996 base.py[line:627] [USER:ADDR] INFO Removed job ww131985xx22
2019-10-31 09:59:07,042 base.py[line:627] [USER:ADDR] INFO Removed job wengshengyin122
2019-10-31 09:59:07,839 base.py[line:627] [USER:ADDR] INFO Removed job ww131984xx22
2019-10-31 09:59:07,917 base.py[line:627] [USER:ADDR] INFO Removed job qianyue123a21
2019-10-31 09:59:07,996 base.py[line:627] [USER:ADDR] INFO Removed job liyue123a21
2019-10-31 10:29:27,448 base.py[line:440] [USER:ADDR] INFO Adding job tentatively -- it will be properly scheduled when the scheduler starts
2019-10-31 10:29:28,561 base.py[line:440] [USER:ADDR] INFO Adding job tentatively -- it will be properly scheduled when the scheduler starts
2019-10-31 10:29:29,681 base.py[line:440] [USER:ADDR] INFO Adding job tentatively -- it will be properly scheduled when the scheduler starts
2019-10-31 10:29:29,683 base.py[line:881] [USER:ADDR] INFO Added job "banquet.a" to job store "default"
2019-10-31 10:29:29,683 base.py[line:881] [USER:ADDR] INFO Added job "banquet.a" to job store "default"
2019-10-31 10:29:29,683 base.py[line:881] [USER:ADDR] INFO Added job "banquet.a" to job store "default"
2019-10-31 10:29:29,684 base.py[line:166] [USER:ADDR] INFO Scheduler started
2019-10-31 14:02:51,869 base.py[line:440] [USER:ADDR] INFO Adding job tentatively -- it will be properly scheduled when the scheduler starts
2019-10-31 14:02:53,007 base.py[line:440] [USER:ADDR] INFO Adding job tentatively -- it will be properly scheduled when the scheduler starts
2019-10-31 14:02:54,144 base.py[line:440] [USER:ADDR] INFO Adding job tentatively -- it will be properly scheduled when the scheduler starts
2019-10-31 14:02:54,144 base.py[line:881] [USER:ADDR] INFO Added job "banquet.a" to job store "default"
2019-10-31 14:02:54,144 base.py[line:881] [USER:ADDR] INFO Added job "banquet.a" to job store "default"
2019-10-31 14:02:54,145 base.py[line:881] [USER:ADDR] INFO Added job "banquet.a" to job store "default"
2019-10-31 14:02:54,145 base.py[line:166] [USER:ADDR] INFO Scheduler started
