2019-09-26 14:47:54,686 base.py[line:166] [USER:ADDR] INFO Scheduler started
2019-09-26 14:48:08,332 base.py[line:166] [USER:ADDR] INFO Scheduler started
2019-09-26 14:48:24,642 base.py[line:166] [USER:ADDR] INFO Scheduler started
2019-09-26 14:48:53,302 base.py[line:166] [USER:ADDR] INFO Scheduler started
2019-09-26 14:52:11,733 base.py[line:440] [USER:ADDR] INFO Adding job tentatively -- it will be properly scheduled when the scheduler starts
2019-09-26 14:52:11,733 country_celery.py[line:48] [USER:ADDR] INFO act (trigger: interval[0:00:05], pending)
2019-09-26 14:52:11,733 base.py[line:881] [USER:ADDR] INFO Added job "act" to job store "default"
2019-09-26 14:52:11,733 base.py[line:166] [USER:ADDR] INFO Scheduler started
2019-09-26 14:58:27,088 base.py[line:440] [USER:ADDR] INFO Adding job tentatively -- it will be properly scheduled when the scheduler starts
2019-09-26 14:58:27,088 country_celery.py[line:48] [USER:ADDR] INFO act (trigger: interval[0:00:05], pending)
2019-09-26 14:58:27,088 base.py[line:881] [USER:ADDR] INFO Added job "act" to job store "default"
2019-09-26 14:58:27,088 base.py[line:166] [USER:ADDR] INFO Scheduler started
2019-09-26 14:59:30,118 base.py[line:440] [USER:ADDR] INFO Adding job tentatively -- it will be properly scheduled when the scheduler starts
2019-09-26 14:59:30,118 country_celery.py[line:48] [USER:ADDR] INFO act (trigger: interval[0:00:05], pending)
2019-09-26 14:59:30,118 base.py[line:881] [USER:ADDR] INFO Added job "act" to job store "default"
2019-09-26 14:59:30,118 base.py[line:166] [USER:ADDR] INFO Scheduler started
2019-09-26 16:39:31,611 base.py[line:440] [USER:ADDR] INFO Adding job tentatively -- it will be properly scheduled when the scheduler starts
2019-09-26 16:39:31,611 country_celery.py[line:48] [USER:ADDR] INFO act (trigger: interval[0:00:05], pending)
2019-09-26 16:39:31,612 base.py[line:881] [USER:ADDR] INFO Added job "act" to job store "default"
2019-09-26 16:39:31,612 base.py[line:166] [USER:ADDR] INFO Scheduler started
2019-09-26 16:45:02,822 base.py[line:440] [USER:ADDR] INFO Adding job tentatively -- it will be properly scheduled when the scheduler starts
2019-09-26 16:45:02,822 country_celery.py[line:49] [USER:ADDR] INFO act (trigger: interval[0:00:05], pending)
2019-09-26 16:45:02,823 base.py[line:881] [USER:ADDR] INFO Added job "act" to job store "default"
2019-09-26 16:45:02,823 base.py[line:166] [USER:ADDR] INFO Scheduler started
2019-09-26 16:48:43,821 base.py[line:440] [USER:ADDR] INFO Adding job tentatively -- it will be properly scheduled when the scheduler starts
2019-09-26 16:48:43,821 country_celery.py[line:49] [USER:ADDR] INFO act (trigger: interval[0:00:05], pending)
2019-09-26 16:48:43,822 base.py[line:881] [USER:ADDR] INFO Added job "act" to job store "default"
2019-09-26 16:48:43,822 base.py[line:166] [USER:ADDR] INFO Scheduler started
2019-09-26 16:48:50,042 base.py[line:627] [USER:ADDR] INFO Removed job wuyue123a21
2019-09-26 16:49:36,615 base.py[line:440] [USER:ADDR] INFO Adding job tentatively -- it will be properly scheduled when the scheduler starts
2019-09-26 16:49:36,615 country_celery.py[line:49] [USER:ADDR] INFO act (trigger: interval[0:00:05], pending)
2019-09-26 16:49:36,615 base.py[line:881] [USER:ADDR] INFO Added job "act" to job store "default"
2019-09-26 16:49:36,615 base.py[line:166] [USER:ADDR] INFO Scheduler started
2019-09-26 16:50:19,877 base.py[line:440] [USER:ADDR] INFO Adding job tentatively -- it will be properly scheduled when the scheduler starts
2019-09-26 16:50:19,878 country_celery.py[line:49] [USER:ADDR] INFO act (trigger: interval[0:00:05], pending)
2019-09-26 16:50:19,878 base.py[line:881] [USER:ADDR] INFO Added job "act" to job store "default"
2019-09-26 16:50:19,878 base.py[line:166] [USER:ADDR] INFO Scheduler started
2019-09-26 16:50:38,648 base.py[line:440] [USER:ADDR] INFO Adding job tentatively -- it will be properly scheduled when the scheduler starts
2019-09-26 16:50:38,648 country_celery.py[line:49] [USER:ADDR] INFO act (trigger: interval[0:00:05], pending)
2019-09-26 16:50:38,648 base.py[line:881] [USER:ADDR] INFO Added job "act" to job store "default"
2019-09-26 16:50:38,648 base.py[line:166] [USER:ADDR] INFO Scheduler started
2019-09-26 16:50:43,315 base.py[line:440] [USER:ADDR] INFO Adding job tentatively -- it will be properly scheduled when the scheduler starts
2019-09-26 16:50:43,315 country_celery.py[line:49] [USER:ADDR] INFO act (trigger: interval[0:00:05], pending)
2019-09-26 16:50:43,316 base.py[line:881] [USER:ADDR] INFO Added job "act" to job store "default"
2019-09-26 16:50:43,316 base.py[line:166] [USER:ADDR] INFO Scheduler started
2019-09-26 16:50:49,553 base.py[line:627] [USER:ADDR] INFO Removed job wuyue123a21
2019-09-26 16:51:33,013 base.py[line:440] [USER:ADDR] INFO Adding job tentatively -- it will be properly scheduled when the scheduler starts
2019-09-26 16:51:33,013 country_celery.py[line:49] [USER:ADDR] INFO act (trigger: interval[0:00:05], pending)
2019-09-26 16:51:33,013 base.py[line:881] [USER:ADDR] INFO Added job "act" to job store "default"
2019-09-26 16:51:33,015 base.py[line:166] [USER:ADDR] INFO Scheduler started
2019-09-26 16:51:39,257 base.py[line:627] [USER:ADDR] INFO Removed job wuyue123a21
